<?xml version="1.0" encoding="utf-8"?><testsuites name="pytest tests"><testsuite name="pytest" errors="0" failures="0" skipped="0" tests="12" time="189.266" timestamp="2026-07-24T07:19:44.890905+00:00" hostname="agent-env-d4c7e321-40e0-4288-a153-155584e18e98"><testcase classname="tests.test_research_run" name="test_root" time="0.170" /><testcase classname="tests.test_research_run" name="test_upload_and_list" time="0.421" /><testcase classname="tests.test_research_run" name="test_get_paper" time="0.100" /><testcase classname="tests.test_research_run" name="test_reject_non_pdf" time="0.092" /><testcase classname="tests.test_research_run" name="test_stats" time="0.094" /><testcase classname="tests.test_research_run" name="test_semantic_search" time="0.254" /><testcase classname="tests.test_research_run" name="test_local_search" time="0.112" /><testcase classname="tests.test_research_run" name="test_pin_toggle" time="0.187" /><testcase classname="tests.test_research_run" name="test_analysis_survives_sse_disconnect" time="186.023" /><testcase classname="tests.test_research_run" name="test_sse_resume_no_workflow_error" time="0.092" /><testcase classname="tests.test_research_run" name="test_second_analysis_run_on_same_paper" time="0.291" /><testcase classname="tests.test_research_run" name="test_delete_paper" time="0.178" /></testsuite></testsuites>